<?xml version="1.0" encoding="UTF-8"?>
<!-- Generated by org.testng.reporters.JUnitReportReporter -->
<testsuite hostname="DESKTOP-TDKRKOS" name="com.scripts.AmazonNew" tests="1" failures="0" timestamp="26 Sep 2022 09:22:34 GMT" time="34.194" errors="0">
  <testcase name="test" time="34.194" classname="com.scripts.AmazonNew"/>
</testsuite> <!-- com.scripts.AmazonNew -->
